{
  "consulta": "HOLA",
  "documentos": 0,
  "inicio": 1,
  "fin": 0,
  "resultados": [
  ]
}
{
  "consulta": "",
  "documentos": 0,
  "inicio": 1,
  "fin": 0,
  "resultados": [
  ]
}
1 http://r/nombre%20con%20espacio.txt
2 http://r/nombre%20con%20e%fffffff1e.txt
3 http://r/nombre%20con%20e%ffffffc3%ffffffb1e.txt
EÑE 1
NOMBRECONESPACIO.TXT 1
NOMBRECONEÑE.TXT 2
SITIO:R 3
TIPO:DOCUMENTO 3
TITULO:CON 3
TITULO:EE 1
TITULO:EE.TXT 1
TITULO:ESPACIO 1
TITULO:ESPACIO.TXT 1
TITULO:EÑE 1
TITULO:EÑE.TXT 1
TITULO:NOMBRE 3
TITULO:TXT 3
