{
  "consulta": "CONOCEREÍS",
  "documentos": 1,
  "inicio": 1,
  "fin": 1,
  "resultados": [
    { "url": "http://r/r1-utf8.txt",
    "frec": "1",
    }
  ]
}
{
  "consulta": "CONOCEREIS",
  "documentos": 1,
  "inicio": 1,
  "fin": 1,
  "resultados": [
    { "url": "http://r/r1-utf8.txt",
    "frec": "1",
    }
  ]
}
{
  "consulta": "CONOCEREÍS",
  "documentos": 1,
  "inicio": 1,
  "fin": 1,
  "resultados": [
    { "url": "http://r/r1-utf8.txt",
    "frec": "1",
    }
  ]
}
{
  "consulta": "LA",
  "documentos": 0,
  "inicio": 1,
  "fin": 0,
  "resultados": [
  ]
}
{
  "consulta": "VERDAD",
  "documentos": 1,
  "inicio": 1,
  "fin": 1,
  "resultados": [
    { "url": "http://r/r1-utf8.txt",
    "frec": "2",
    }
  ]
}
{
  "consulta": "Y",
  "documentos": 0,
  "inicio": 1,
  "fin": 0,
  "resultados": [
  ]
}
{
  "consulta": "VERDAD",
  "documentos": 1,
  "inicio": 1,
  "fin": 1,
  "resultados": [
    { "url": "http://r/r1-utf8.txt",
    "frec": "2",
    }
  ]
}
{
  "consulta": "OS",
  "documentos": 1,
  "inicio": 1,
  "fin": 1,
  "resultados": [
    { "url": "http://r/r1-utf8.txt",
    "frec": "1",
    }
  ]
}
{
  "consulta": "HARÁ",
  "documentos": 1,
  "inicio": 1,
  "fin": 1,
  "resultados": [
    { "url": "http://r/r1-utf8.txt",
    "frec": "1",
    }
  ]
}
{
  "consulta": "HARA",
  "documentos": 1,
  "inicio": 1,
  "fin": 1,
  "resultados": [
    { "url": "http://r/r1-utf8.txt",
    "frec": "1",
    }
  ]
}
{
  "consulta": "HARÁ",
  "documentos": 1,
  "inicio": 1,
  "fin": 1,
  "resultados": [
    { "url": "http://r/r1-utf8.txt",
    "frec": "1",
    }
  ]
}
{
  "consulta": "LIBRES",
  "documentos": 1,
  "inicio": 1,
  "fin": 1,
  "resultados": [
    { "url": "http://r/r1-utf8.txt",
    "frec": "1",
    }
  ]
}
{
  "consulta": "INEXISTENTE",
  "documentos": 0,
  "inicio": 1,
  "fin": 0,
  "resultados": [
  ]
}
1 http://r/r1-utf8.txt
8.32 1
CONOCEREIS 1
CREIDO 1
DIJO 1
DISCIPULOS 1
ENTONCES 1
HABIAN 1
HARA 1
JESUS 1
JUAN 1
JUDIOS 1
LIBRES 1
MI 1
MIS 1
OS 1
PALABRA 1
PERMANECIEREIS 1
R1UTF8.TXT 1
SEREIS 1
SI 1
SITIO:R 1
TIPO:DOCUMENTO 1
TITULO:R1 1
TITULO:TXT 1
TITULO:UTF8 1
TITULO:UTF8.TXT 1
VERDAD 2
VERDADERAMENTE 1
VOSOTROS 1
