{
  "consulta": "CONOCEREÍS",
  "documentos": 1,
  "inicio": 1,
  "fin": 1,
  "resultados": [
    { "url": "http://r/r1.txt",
    "frec": "1",
    }
  ]
}
{
  "consulta": "LA",
  "documentos": 0,
  "inicio": 1,
  "fin": 0,
  "resultados": [
  ]
}
{
  "consulta": "VERDAD",
  "documentos": 1,
  "inicio": 1,
  "fin": 1,
  "resultados": [
    { "url": "http://r/r1.txt",
    "frec": "2",
    }
  ]
}
{
  "consulta": "Y",
  "documentos": 0,
  "inicio": 1,
  "fin": 0,
  "resultados": [
  ]
}
{
  "consulta": "VERDAD",
  "documentos": 1,
  "inicio": 1,
  "fin": 1,
  "resultados": [
    { "url": "http://r/r1.txt",
    "frec": "2",
    }
  ]
}
{
  "consulta": "OS",
  "documentos": 1,
  "inicio": 1,
  "fin": 1,
  "resultados": [
    { "url": "http://r/r1.txt",
    "frec": "1",
    }
  ]
}
{
  "consulta": "HARÁ",
  "documentos": 1,
  "inicio": 1,
  "fin": 1,
  "resultados": [
    { "url": "http://r/r1.txt",
    "frec": "1",
    }
  ]
}
{
  "consulta": "LIBRES",
  "documentos": 1,
  "inicio": 1,
  "fin": 1,
  "resultados": [
    { "url": "http://r/r1.txt",
    "frec": "1",
    }
  ]
}
{
  "consulta": "INEXISTENTE",
  "documentos": 0,
  "inicio": 1,
  "fin": 0,
  "resultados": [
  ]
}
1 http://r/r1.txt
CONOCEREIS 1
HARA 1
LIBRES 1
OS 1
R1.TXT 1
SITIO:R 1
TIPO:DOCUMENTO 1
TITULO:R1 1
TITULO:R1.TXT 1
TITULO:TXT 1
VERDAD 2
