{
  "consulta": "CONOCEREÍS",
  "documentos": 0,
  "inicio": 1,
  "fin": 0,
  "resultados": [
  ]
}
{
  "consulta": "CREA",
  "documentos": 1,
  "inicio": 1,
  "fin": 1,
  "resultados": [
    { "url": "http://r/r2-latin1.txt",
    "frec": "1",
    }
  ]
}
{
  "consulta": "UNIGÉNITO",
  "documentos": 1,
  "inicio": 1,
  "fin": 1,
  "resultados": [
    { "url": "http://r/r2-latin1.txt",
    "frec": "1",
    }
  ]
}
{
  "consulta": "VIDA",
  "documentos": 1,
  "inicio": 1,
  "fin": 1,
  "resultados": [
    { "url": "http://r/r2-latin1.txt",
    "frec": "1",
    }
  ]
}
{
  "consulta": "ETERNA",
  "documentos": 1,
  "inicio": 1,
  "fin": 1,
  "resultados": [
    { "url": "http://r/r2-latin1.txt",
    "frec": "1",
    }
  ]
}
{
  "consulta": "QUE",
  "documentos": 0,
  "inicio": 1,
  "fin": 0,
  "resultados": [
  ]
}
{
  "consulta": "HIJO",
  "documentos": 1,
  "inicio": 1,
  "fin": 1,
  "resultados": [
    { "url": "http://r/r2-latin1.txt",
    "frec": "1",
    }
  ]
}
1 http://r/r2-latin1.txt
AQUEL 1
CREA 1
DADO 1
DIOS 1
ETERNA 1
HA 1
HIJO 1
NO 1
PIERDA 1
R2LATIN1.TXT 1
SE 1
SITIO:R 1
TENGA 1
TIPO:DOCUMENTO 1
TITULO:LATIN1 1
TITULO:LATIN1.TXT 1
TITULO:R2 1
TITULO:TXT 1
TODO 1
UNIGENITO 1
VIDA 1
