{
  "consulta": "CONOCEREÍS",
  "documentos": 1,
  "inicio": 1,
  "fin": 1,
  "resultados": [
    { "url": "http://r/r1-latin1.txt",
    "frec": "1",
    }
  ]
}
{
  "consulta": "CONOCEREIS LA VERDAD",
  "documentos": 1,
  "inicio": 1,
  "fin": 1,
  "resultados": [
    { "url": "http://r/r1-latin1.txt",
    "frec": "3",
    }
  ]
}
{
  "consulta": "\"Y LA VERDAD OS HARÁ LIBRES\"",
  "documentos": 1,
  "inicio": 1,
  "fin": 1,
  "resultados": [
    { "url": "http://r/r1-latin1.txt",
    "frec": "1",
    }
  ]
}
{
  "consulta": "HIJO DE DIOS",
  "documentos": 4,
  "inicio": 1,
  "fin": 4,
  "resultados": [
    { "url": "./marcos-utf8.txt",
    "frec": "97",
    }, 
    { "url": "./mateo-utf8.txt",
    "frec": "158",
    }, 
    { "url": "./lucas-utf8.txt",
    "frec": "284",
    }, 
    { "url": "./juan-utf8.txt",
    "frec": "166",
    }
  ]
}
{
  "consulta": "\"HIJO DE DIOS\"",
  "documentos": 4,
  "inicio": 1,
  "fin": 4,
  "resultados": [
    { "url": "./marcos-utf8.txt",
    "frec": "4",
    }, 
    { "url": "./mateo-utf8.txt",
    "frec": "9",
    }, 
    { "url": "./juan-utf8.txt",
    "frec": "11",
    }, 
    { "url": "./lucas-utf8.txt",
    "frec": "5",
    }
  ]
}
