{
  "consulta": "VERDAD",
  "documentos": 4,
  "inicio": 1,
  "fin": 4,
  "resultados": [
    { "url": "./juan-utf8.txt",
    "frec": "44",
    }, 
    { "url": "./mateo-utf8.txt",
    "frec": "14",
    }, 
    { "url": "./lucas-utf8.txt",
    "frec": "7",
    }, 
    { "url": "./marcos-utf8.txt",
    "frec": "1",
    }
  ]
}
{
  "consulta": "HIJO",
  "documentos": 4,
  "inicio": 1,
  "fin": 4,
  "resultados": [
    { "url": "./lucas-utf8.txt",
    "frec": "149",
    }, 
    { "url": "./mateo-utf8.txt",
    "frec": "84",
    }, 
    { "url": "./juan-utf8.txt",
    "frec": "65",
    }, 
    { "url": "./marcos-utf8.txt",
    "frec": "39",
    }
  ]
}
{
  "consulta": "DIOS",
  "documentos": 4,
  "inicio": 1,
  "fin": 4,
  "resultados": [
    { "url": "./lucas-utf8.txt",
    "frec": "135",
    }, 
    { "url": "./juan-utf8.txt",
    "frec": "101",
    }, 
    { "url": "./mateo-utf8.txt",
    "frec": "74",
    }, 
    { "url": "./marcos-utf8.txt",
    "frec": "58",
    }
  ]
}
{
  "consulta": "Y",
  "documentos": 0,
  "inicio": 1,
  "fin": 0,
  "resultados": [
  ]
}
